[32m2026-05-29 21:15:46 +0100[0m - dagster - [34mDEBUG[0m - __ASSET_JOB - a7dd7268-b196-44d3-9c08-508ced9eb543 - 86495 - LOGS_CAPTURED - Capturing logs for process (pid: 86495).
[32m2026-05-29 21:15:46 +0100[0m - dagster - [34mDEBUG[0m - __ASSET_JOB - a7dd7268-b196-44d3-9c08-508ced9eb543 - 86495 - gold_risk_features - STEP_START - Started execution of step "gold_risk_features".
[32m2026-05-29 21:15:46 +0100[0m - dagster - [34mDEBUG[0m - __ASSET_JOB - a7dd7268-b196-44d3-9c08-508ced9eb543 - gold_risk_features - Loading file from: /home/ubuntu/SignalStack/financial-data-platform/.tmp_dagster_home_3qxi7aql/storage/silver_customer_accounts using PickledObjectFilesystemIOManager...
[32m2026-05-29 21:15:46 +0100[0m - dagster - [34mDEBUG[0m - __ASSET_JOB - a7dd7268-b196-44d3-9c08-508ced9eb543 - 86495 - gold_risk_features - LOADED_INPUT - Loaded input "silver_customer_accounts" using input manager "io_manager", from output "result" of step "silver_customer_accounts"
[32m2026-05-29 21:15:46 +0100[0m - dagster - [34mDEBUG[0m - __ASSET_JOB - a7dd7268-b196-44d3-9c08-508ced9eb543 - gold_risk_features - Loading file from: /home/ubuntu/SignalStack/financial-data-platform/.tmp_dagster_home_3qxi7aql/storage/silver_monthly_summaries using PickledObjectFilesystemIOManager...
[32m2026-05-29 21:15:46 +0100[0m - dagster - [34mDEBUG[0m - __ASSET_JOB - a7dd7268-b196-44d3-9c08-508ced9eb543 - 86495 - gold_risk_features - LOADED_INPUT - Loaded input "silver_monthly_summaries" using input manager "io_manager", from output "result" of step "silver_monthly_summaries"
[32m2026-05-29 21:15:46 +0100[0m - dagster - [34mDEBUG[0m - __ASSET_JOB - a7dd7268-b196-44d3-9c08-508ced9eb543 - gold_risk_features - Loading file from: /home/ubuntu/SignalStack/financial-data-platform/.tmp_dagster_home_3qxi7aql/storage/silver_risk_flags using PickledObjectFilesystemIOManager...
[32m2026-05-29 21:15:46 +0100[0m - dagster - [34mDEBUG[0m - __ASSET_JOB - a7dd7268-b196-44d3-9c08-508ced9eb543 - 86495 - gold_risk_features - LOADED_INPUT - Loaded input "silver_risk_flags" using input manager "io_manager", from output "result" of step "silver_risk_flags"
[32m2026-05-29 21:15:46 +0100[0m - dagster - [34mDEBUG[0m - __ASSET_JOB - a7dd7268-b196-44d3-9c08-508ced9eb543 - gold_risk_features - Loading file from: /home/ubuntu/SignalStack/financial-data-platform/.tmp_dagster_home_3qxi7aql/storage/silver_transactions using PickledObjectFilesystemIOManager...
[32m2026-05-29 21:15:47 +0100[0m - dagster - [34mDEBUG[0m - __ASSET_JOB - a7dd7268-b196-44d3-9c08-508ced9eb543 - 86495 - gold_risk_features - LOADED_INPUT - Loaded input "silver_transactions" using input manager "io_manager", from output "result" of step "silver_transactions"
[32m2026-05-29 21:15:47 +0100[0m - dagster - [34mDEBUG[0m - __ASSET_JOB - a7dd7268-b196-44d3-9c08-508ced9eb543 - 86495 - gold_risk_features - STEP_INPUT - Got input "silver_customer_accounts" of type "Any". (Type check passed).
[32m2026-05-29 21:15:47 +0100[0m - dagster - [34mDEBUG[0m - __ASSET_JOB - a7dd7268-b196-44d3-9c08-508ced9eb543 - 86495 - gold_risk_features - STEP_INPUT - Got input "silver_monthly_summaries" of type "Any". (Type check passed).
[32m2026-05-29 21:15:47 +0100[0m - dagster - [34mDEBUG[0m - __ASSET_JOB - a7dd7268-b196-44d3-9c08-508ced9eb543 - 86495 - gold_risk_features - STEP_INPUT - Got input "silver_risk_flags" of type "Any". (Type check passed).
[32m2026-05-29 21:15:47 +0100[0m - dagster - [34mDEBUG[0m - __ASSET_JOB - a7dd7268-b196-44d3-9c08-508ced9eb543 - 86495 - gold_risk_features - STEP_INPUT - Got input "silver_transactions" of type "Any". (Type check passed).
/home/ubuntu/SignalStack/financial-data-platform/pipeline/pipeline/assets/gold.py:138: FutureWarning: Downcasting object dtype arrays on .fillna, .ffill, .bfill is deprecated and will change in a future version. Call result.infer_objects(copy=False) instead. To opt-in to the future behavior, set `pd.set_option('future.no_silent_downcasting', True)`
  result = result.fillna(defaults)
[32m2026-05-29 21:15:48 +0100[0m - dagster - [34mDEBUG[0m - __ASSET_JOB - a7dd7268-b196-44d3-9c08-508ced9eb543 - 86495 - gold_risk_features - STEP_OUTPUT - Yielded output "result" of type "Any". (Type check passed).
[32m2026-05-29 21:15:48 +0100[0m - dagster - [34mDEBUG[0m - __ASSET_JOB - a7dd7268-b196-44d3-9c08-508ced9eb543 - gold_risk_features - Writing file at: /home/ubuntu/SignalStack/financial-data-platform/.tmp_dagster_home_3qxi7aql/storage/gold_risk_features using PickledObjectFilesystemIOManager...
[32m2026-05-29 21:15:48 +0100[0m - dagster - [34mDEBUG[0m - __ASSET_JOB - a7dd7268-b196-44d3-9c08-508ced9eb543 - 86495 - gold_risk_features - ASSET_MATERIALIZATION - Materialized value gold_risk_features.
[32m2026-05-29 21:15:48 +0100[0m - dagster - [34mDEBUG[0m - __ASSET_JOB - a7dd7268-b196-44d3-9c08-508ced9eb543 - 86495 - gold_risk_features - HANDLED_OUTPUT - Handled output "result" using IO manager "io_manager"
[32m2026-05-29 21:15:48 +0100[0m - dagster - [34mDEBUG[0m - __ASSET_JOB - a7dd7268-b196-44d3-9c08-508ced9eb543 - 86495 - gold_risk_features - STEP_SUCCESS - Finished execution of step "gold_risk_features" in 1.55s.
